<?xml version="1.0" encoding="UTF-8"?>
<testsuite xmlns:xsi="http://www.w3.org/2001/XMLSchema-instance" xsi:noNamespaceSchemaLocation="https://maven.apache.org/surefire/maven-surefire-plugin/xsd/surefire-test-report-3.0.xsd" version="3.0" name="com.it.TestLogin" time="5.198" tests="1" errors="0" skipped="0" failures="0">
  <properties>
    <property name="java.specification.version" value="15"/>
    <property name="webdriver.chrome.driver" value="C:\WebDriver\bin\chromedriver.exe"/>
    <property name="sun.cpu.isalist" value="amd64"/>
    <property name="sun.jnu.encoding" value="Cp1252"/>
    <property name="java.class.path" value="C:\Group2\target\test-classes;C:\Group2\target\classes;C:\Users\Asus\.m2\repository\org\junit\jupiter\junit-jupiter-api\5.7.0\junit-jupiter-api-5.7.0.jar;C:\Users\Asus\.m2\repository\org\apiguardian\apiguardian-api\1.1.0\apiguardian-api-1.1.0.jar;C:\Users\Asus\.m2\repository\org\opentest4j\opentest4j\1.2.0\opentest4j-1.2.0.jar;C:\Users\Asus\.m2\repository\org\junit\platform\junit-platform-commons\1.7.0\junit-platform-commons-1.7.0.jar;C:\Users\Asus\.m2\repository\org\seleniumhq\selenium\selenium-java\4.0.0-alpha-7\selenium-java-4.0.0-alpha-7.jar;C:\Users\Asus\.m2\repository\org\seleniumhq\selenium\selenium-api\4.0.0-alpha-7\selenium-api-4.0.0-alpha-7.jar;C:\Users\Asus\.m2\repository\org\seleniumhq\selenium\selenium-chrome-driver\4.0.0-alpha-7\selenium-chrome-driver-4.0.0-alpha-7.jar;C:\Users\Asus\.m2\repository\com\google\auto\service\auto-service-annotations\1.0-rc7\auto-service-annotations-1.0-rc7.jar;C:\Users\Asus\.m2\repository\com\google\auto\service\auto-service\1.0-rc7\auto-service-1.0-rc7.jar;C:\Users\Asus\.m2\repository\com\google\auto\auto-common\0.10\auto-common-0.10.jar;C:\Users\Asus\.m2\repository\com\google\guava\guava\30.0-jre\guava-30.0-jre.jar;C:\Users\Asus\.m2\repository\com\google\guava\failureaccess\1.0.1\failureaccess-1.0.1.jar;C:\Users\Asus\.m2\repository\com\google\guava\listenablefuture\9999.0-empty-to-avoid-conflict-with-guava\listenablefuture-9999.0-empty-to-avoid-conflict-with-guava.jar;C:\Users\Asus\.m2\repository\org\checkerframework\checker-qual\3.5.0\checker-qual-3.5.0.jar;C:\Users\Asus\.m2\repository\com\google\errorprone\error_prone_annotations\2.3.4\error_prone_annotations-2.3.4.jar;C:\Users\Asus\.m2\repository\com\google\j2objc\j2objc-annotations\1.3\j2objc-annotations-1.3.jar;C:\Users\Asus\.m2\repository\org\seleniumhq\selenium\selenium-chromium-driver\4.0.0-alpha-7\selenium-chromium-driver-4.0.0-alpha-7.jar;C:\Users\Asus\.m2\repository\org\seleniumhq\selenium\selenium-devtools\4.0.0-alpha-7\selenium-devtools-4.0.0-alpha-7.jar;C:\Users\Asus\.m2\repository\org\seleniumhq\selenium\selenium-http\4.0.0-alpha-7\selenium-http-4.0.0-alpha-7.jar;C:\Users\Asus\.m2\repository\org\seleniumhq\selenium\selenium-json\4.0.0-alpha-7\selenium-json-4.0.0-alpha-7.jar;C:\Users\Asus\.m2\repository\org\seleniumhq\selenium\selenium-devtools-v84\4.0.0-alpha-7\selenium-devtools-v84-4.0.0-alpha-7.jar;C:\Users\Asus\.m2\repository\org\seleniumhq\selenium\selenium-devtools-v85\4.0.0-alpha-7\selenium-devtools-v85-4.0.0-alpha-7.jar;C:\Users\Asus\.m2\repository\org\seleniumhq\selenium\selenium-devtools-v86\4.0.0-alpha-7\selenium-devtools-v86-4.0.0-alpha-7.jar;C:\Users\Asus\.m2\repository\org\seleniumhq\selenium\selenium-devtools-v87\4.0.0-alpha-7\selenium-devtools-v87-4.0.0-alpha-7.jar;C:\Users\Asus\.m2\repository\org\seleniumhq\selenium\selenium-edge-driver\4.0.0-alpha-7\selenium-edge-driver-4.0.0-alpha-7.jar;C:\Users\Asus\.m2\repository\org\seleniumhq\selenium\selenium-edgehtml-driver\4.0.0-alpha-7\selenium-edgehtml-driver-4.0.0-alpha-7.jar;C:\Users\Asus\.m2\repository\org\seleniumhq\selenium\selenium-firefox-driver\4.0.0-alpha-7\selenium-firefox-driver-4.0.0-alpha-7.jar;C:\Users\Asus\.m2\repository\org\seleniumhq\selenium\selenium-firefox-xpi-driver\4.0.0-alpha-7\selenium-firefox-xpi-driver-4.0.0-alpha-7.jar;C:\Users\Asus\.m2\repository\org\seleniumhq\selenium\selenium-ie-driver\4.0.0-alpha-7\selenium-ie-driver-4.0.0-alpha-7.jar;C:\Users\Asus\.m2\repository\org\seleniumhq\selenium\selenium-opera-driver\4.0.0-alpha-7\selenium-opera-driver-4.0.0-alpha-7.jar;C:\Users\Asus\.m2\repository\org\seleniumhq\selenium\selenium-remote-driver\4.0.0-alpha-7\selenium-remote-driver-4.0.0-alpha-7.jar;C:\Users\Asus\.m2\repository\com\typesafe\netty\netty-reactive-streams\2.0.4\netty-reactive-streams-2.0.4.jar;C:\Users\Asus\.m2\repository\io\netty\netty-handler\4.1.43.Final\netty-handler-4.1.43.Final.jar;C:\Users\Asus\.m2\repository\org\reactivestreams\reactive-streams\1.0.3\reactive-streams-1.0.3.jar;C:\Users\Asus\.m2\repository\io\grpc\grpc-context\1.32.1\grpc-context-1.32.1.jar;C:\Users\Asus\.m2\repository\io\netty\netty-buffer\4.1.53.Final\netty-buffer-4.1.53.Final.jar;C:\Users\Asus\.m2\repository\io\netty\netty-codec-http\4.1.53.Final\netty-codec-http-4.1.53.Final.jar;C:\Users\Asus\.m2\repository\io\netty\netty-codec\4.1.53.Final\netty-codec-4.1.53.Final.jar;C:\Users\Asus\.m2\repository\io\netty\netty-common\4.1.53.Final\netty-common-4.1.53.Final.jar;C:\Users\Asus\.m2\repository\io\netty\netty-transport-native-epoll\4.1.53.Final\netty-transport-native-epoll-4.1.53.Final.jar;C:\Users\Asus\.m2\repository\io\netty\netty-transport-native-epoll\4.1.53.Final\netty-transport-native-epoll-4.1.53.Final-linux-x86_64.jar;C:\Users\Asus\.m2\repository\io\netty\netty-transport-native-kqueue\4.1.53.Final\netty-transport-native-kqueue-4.1.53.Final.jar;C:\Users\Asus\.m2\repository\io\netty\netty-transport-native-kqueue\4.1.53.Final\netty-transport-native-kqueue-4.1.53.Final-osx-x86_64.jar;C:\Users\Asus\.m2\repository\io\netty\netty-transport-native-unix-common\4.1.53.Final\netty-transport-native-unix-common-4.1.53.Final.jar;C:\Users\Asus\.m2\repository\io\netty\netty-transport\4.1.53.Final\netty-transport-4.1.53.Final.jar;C:\Users\Asus\.m2\repository\io\netty\netty-resolver\4.1.53.Final\netty-resolver-4.1.53.Final.jar;C:\Users\Asus\.m2\repository\io\opentelemetry\opentelemetry-api\0.9.1\opentelemetry-api-0.9.1.jar;C:\Users\Asus\.m2\repository\io\opentelemetry\opentelemetry-context-prop\0.9.1\opentelemetry-context-prop-0.9.1.jar;C:\Users\Asus\.m2\repository\io\opentelemetry\opentelemetry-sdk\0.9.1\opentelemetry-sdk-0.9.1.jar;C:\Users\Asus\.m2\repository\io\opentelemetry\opentelemetry-sdk-common\0.9.1\opentelemetry-sdk-common-0.9.1.jar;C:\Users\Asus\.m2\repository\io\opentelemetry\opentelemetry-sdk-baggage\0.9.1\opentelemetry-sdk-baggage-0.9.1.jar;C:\Users\Asus\.m2\repository\io\opentelemetry\opentelemetry-sdk-metrics\0.9.1\opentelemetry-sdk-metrics-0.9.1.jar;C:\Users\Asus\.m2\repository\io\opentelemetry\opentelemetry-sdk-tracing\0.9.1\opentelemetry-sdk-tracing-0.9.1.jar;C:\Users\Asus\.m2\repository\io\projectreactor\netty\reactor-netty-http\1.0.0\reactor-netty-http-1.0.0.jar;C:\Users\Asus\.m2\repository\io\netty\netty-codec-http2\4.1.53.Final\netty-codec-http2-4.1.53.Final.jar;C:\Users\Asus\.m2\repository\io\netty\netty-resolver-dns\4.1.53.Final\netty-resolver-dns-4.1.53.Final.jar;C:\Users\Asus\.m2\repository\io\netty\netty-codec-dns\4.1.53.Final\netty-codec-dns-4.1.53.Final.jar;C:\Users\Asus\.m2\repository\io\projectreactor\netty\reactor-netty-core\1.0.0\reactor-netty-core-1.0.0.jar;C:\Users\Asus\.m2\repository\io\projectreactor\netty\reactor-netty\1.0.0\reactor-netty-1.0.0.jar;C:\Users\Asus\.m2\repository\io\projectreactor\netty\reactor-netty-http-brave\1.0.0\reactor-netty-http-brave-1.0.0.jar;C:\Users\Asus\.m2\repository\io\zipkin\brave\brave-instrumentation-http\5.12.7\brave-instrumentation-http-5.12.7.jar;C:\Users\Asus\.m2\repository\io\zipkin\brave\brave\5.12.7\brave-5.12.7.jar;C:\Users\Asus\.m2\repository\io\zipkin\reporter2\zipkin-reporter-brave\2.15.2\zipkin-reporter-brave-2.15.2.jar;C:\Users\Asus\.m2\repository\io\zipkin\reporter2\zipkin-reporter\2.15.2\zipkin-reporter-2.15.2.jar;C:\Users\Asus\.m2\repository\io\zipkin\zipkin2\zipkin\2.21.7\zipkin-2.21.7.jar;C:\Users\Asus\.m2\repository\io\projectreactor\reactor-core\3.4.0\reactor-core-3.4.0.jar;C:\Users\Asus\.m2\repository\net\bytebuddy\byte-buddy\1.10.18\byte-buddy-1.10.18.jar;C:\Users\Asus\.m2\repository\org\apache\commons\commons-exec\1.3\commons-exec-1.3.jar;C:\Users\Asus\.m2\repository\org\asynchttpclient\async-http-client\2.12.1\async-http-client-2.12.1.jar;C:\Users\Asus\.m2\repository\org\asynchttpclient\async-http-client-netty-utils\2.12.1\async-http-client-netty-utils-2.12.1.jar;C:\Users\Asus\.m2\repository\io\netty\netty-codec-socks\4.1.48.Final\netty-codec-socks-4.1.48.Final.jar;C:\Users\Asus\.m2\repository\io\netty\netty-handler-proxy\4.1.48.Final\netty-handler-proxy-4.1.48.Final.jar;C:\Users\Asus\.m2\repository\com\sun\activation\javax.activation\1.2.0\javax.activation-1.2.0.jar;C:\Users\Asus\.m2\repository\org\seleniumhq\selenium\selenium-safari-driver\4.0.0-alpha-7\selenium-safari-driver-4.0.0-alpha-7.jar;C:\Users\Asus\.m2\repository\org\seleniumhq\selenium\selenium-support\4.0.0-alpha-7\selenium-support-4.0.0-alpha-7.jar;C:\Users\Asus\.m2\repository\org\slf4j\slf4j-jdk14\1.7.25\slf4j-jdk14-1.7.25.jar;C:\Users\Asus\.m2\repository\org\slf4j\slf4j-api\1.7.25\slf4j-api-1.7.25.jar;C:\Users\Asus\.m2\repository\org\apache\maven\plugins\maven-compiler-plugin\3.1\maven-compiler-plugin-3.1.jar;C:\Users\Asus\.m2\repository\org\apache\maven\maven-plugin-api\2.0.9\maven-plugin-api-2.0.9.jar;C:\Users\Asus\.m2\repository\org\apache\maven\maven-artifact\2.0.9\maven-artifact-2.0.9.jar;C:\Users\Asus\.m2\repository\org\codehaus\plexus\plexus-utils\1.5.1\plexus-utils-1.5.1.jar;C:\Users\Asus\.m2\repository\org\apache\maven\maven-core\2.0.9\maven-core-2.0.9.jar;C:\Users\Asus\.m2\repository\org\apache\maven\maven-settings\2.0.9\maven-settings-2.0.9.jar;C:\Users\Asus\.m2\repository\org\apache\maven\maven-plugin-parameter-documenter\2.0.9\maven-plugin-parameter-documenter-2.0.9.jar;C:\Users\Asus\.m2\repository\org\apache\maven\wagon\wagon-webdav\1.0-beta-2\wagon-webdav-1.0-beta-2.jar;C:\Users\Asus\.m2\repository\slide\slide-webdavlib\2.1\slide-webdavlib-2.1.jar;C:\Users\Asus\.m2\repository\commons-httpclient\commons-httpclient\2.0.2\commons-httpclient-2.0.2.jar;C:\Users\Asus\.m2\repository\jdom\jdom\1.0\jdom-1.0.jar;C:\Users\Asus\.m2\repository\de\zeigermann\xml\xml-im-exporter\1.1\xml-im-exporter-1.1.jar;C:\Users\Asus\.m2\repository\commons-logging\commons-logging\1.0.4\commons-logging-1.0.4.jar;C:\Users\Asus\.m2\repository\org\apache\maven\maven-profile\2.0.9\maven-profile-2.0.9.jar;C:\Users\Asus\.m2\repository\org\apache\maven\maven-model\2.0.9\maven-model-2.0.9.jar;C:\Users\Asus\.m2\repository\org\apache\maven\wagon\wagon-provider-api\1.0-beta-2\wagon-provider-api-1.0-beta-2.jar;C:\Users\Asus\.m2\repository\org\apache\maven\maven-repository-metadata\2.0.9\maven-repository-metadata-2.0.9.jar;C:\Users\Asus\.m2\repository\org\apache\maven\maven-error-diagnostics\2.0.9\maven-error-diagnostics-2.0.9.jar;C:\Users\Asus\.m2\repository\org\apache\maven\maven-project\2.0.9\maven-project-2.0.9.jar;C:\Users\Asus\.m2\repository\org\apache\maven\maven-plugin-registry\2.0.9\maven-plugin-registry-2.0.9.jar;C:\Users\Asus\.m2\repository\org\apache\maven\maven-plugin-descriptor\2.0.9\maven-plugin-descriptor-2.0.9.jar;C:\Users\Asus\.m2\repository\org\apache\maven\maven-artifact-manager\2.0.9\maven-artifact-manager-2.0.9.jar;C:\Users\Asus\.m2\repository\org\apache\maven\maven-monitor\2.0.9\maven-monitor-2.0.9.jar;C:\Users\Asus\.m2\repository\org\apache\maven\maven-toolchain\1.0\maven-toolchain-1.0.jar;C:\Users\Asus\.m2\repository\org\apache\maven\shared\maven-shared-utils\0.1\maven-shared-utils-0.1.jar;C:\Users\Asus\.m2\repository\com\google\code\findbugs\jsr305\2.0.1\jsr305-2.0.1.jar;C:\Users\Asus\.m2\repository\org\apache\maven\shared\maven-shared-incremental\1.1\maven-shared-incremental-1.1.jar;C:\Users\Asus\.m2\repository\org\codehaus\plexus\plexus-component-annotations\1.5.5\plexus-component-annotations-1.5.5.jar;C:\Users\Asus\.m2\repository\org\codehaus\plexus\plexus-compiler-api\2.2\plexus-compiler-api-2.2.jar;C:\Users\Asus\.m2\repository\org\codehaus\plexus\plexus-compiler-manager\2.2\plexus-compiler-manager-2.2.jar;C:\Users\Asus\.m2\repository\org\codehaus\plexus\plexus-compiler-javac\2.2\plexus-compiler-javac-2.2.jar;C:\Users\Asus\.m2\repository\org\codehaus\plexus\plexus-container-default\1.5.5\plexus-container-default-1.5.5.jar;C:\Users\Asus\.m2\repository\org\codehaus\plexus\plexus-classworlds\2.2.2\plexus-classworlds-2.2.2.jar;C:\Users\Asus\.m2\repository\org\apache\xbean\xbean-reflect\3.4\xbean-reflect-3.4.jar;C:\Users\Asus\.m2\repository\log4j\log4j\1.2.12\log4j-1.2.12.jar;C:\Users\Asus\.m2\repository\commons-logging\commons-logging-api\1.1\commons-logging-api-1.1.jar;C:\Users\Asus\.m2\repository\com\google\collections\google-collections\1.0\google-collections-1.0.jar;C:\Users\Asus\.m2\repository\io\cucumber\cucumber-java\6.10.0\cucumber-java-6.10.0.jar;C:\Users\Asus\.m2\repository\io\cucumber\cucumber-core\6.10.0\cucumber-core-6.10.0.jar;C:\Users\Asus\.m2\repository\io\cucumber\cucumber-gherkin\6.10.0\cucumber-gherkin-6.10.0.jar;C:\Users\Asus\.m2\repository\io\cucumber\cucumber-gherkin-messages\6.10.0\cucumber-gherkin-messages-6.10.0.jar;C:\Users\Asus\.m2\repository\io\cucumber\messages\14.0.1\messages-14.0.1.jar;C:\Users\Asus\.m2\repository\io\cucumber\tag-expressions\3.0.0\tag-expressions-3.0.0.jar;C:\Users\Asus\.m2\repository\io\cucumber\cucumber-expressions\10.3.0\cucumber-expressions-10.3.0.jar;C:\Users\Asus\.m2\repository\io\cucumber\datatable\3.5.0\datatable-3.5.0.jar;C:\Users\Asus\.m2\repository\io\cucumber\cucumber-plugin\6.10.0\cucumber-plugin-6.10.0.jar;C:\Users\Asus\.m2\repository\io\cucumber\docstring\6.10.0\docstring-6.10.0.jar;C:\Users\Asus\.m2\repository\io\cucumber\html-formatter\12.0.0\html-formatter-12.0.0.jar;C:\Users\Asus\.m2\repository\io\cucumber\create-meta\3.0.0\create-meta-3.0.0.jar;C:\Users\Asus\.m2\repository\io\cucumber\cucumber-junit\6.10.0\cucumber-junit-6.10.0.jar;C:\Users\Asus\.m2\repository\junit\junit\4.13.2\junit-4.13.2.jar;C:\Users\Asus\.m2\repository\org\hamcrest\hamcrest-core\1.3\hamcrest-core-1.3.jar;"/>
    <property name="java.vm.vendor" value="Oracle Corporation"/>
    <property name="sun.arch.data.model" value="64"/>
    <property name="user.variant" value=""/>
    <property name="java.vendor.url" value="https://java.oracle.com/"/>
    <property name="user.timezone" value="Europe/Berlin"/>
    <property name="os.name" value="Windows 10"/>
    <property name="java.vm.specification.version" value="15"/>
    <property name="sun.java.launcher" value="SUN_STANDARD"/>
    <property name="user.country" value="IN"/>
    <property name="sun.boot.library.path" value="C:\Tools\Java\jdk-15.0.2\bin"/>
    <property name="sun.java.command" value="C:\Users\Asus\AppData\Local\Temp\surefire11565034905547274271\surefirebooter4333799056980253846.jar C:\Users\Asus\AppData\Local\Temp\surefire11565034905547274271 2021-05-07T11-31-05_936-jvmRun1 surefire15444676068441689085tmp surefire_07193099280451665260tmp"/>
    <property name="jdk.debug" value="release"/>
    <property name="surefire.test.class.path" value="C:\Group2\target\test-classes;C:\Group2\target\classes;C:\Users\Asus\.m2\repository\org\junit\jupiter\junit-jupiter-api\5.7.0\junit-jupiter-api-5.7.0.jar;C:\Users\Asus\.m2\repository\org\apiguardian\apiguardian-api\1.1.0\apiguardian-api-1.1.0.jar;C:\Users\Asus\.m2\repository\org\opentest4j\opentest4j\1.2.0\opentest4j-1.2.0.jar;C:\Users\Asus\.m2\repository\org\junit\platform\junit-platform-commons\1.7.0\junit-platform-commons-1.7.0.jar;C:\Users\Asus\.m2\repository\org\seleniumhq\selenium\selenium-java\4.0.0-alpha-7\selenium-java-4.0.0-alpha-7.jar;C:\Users\Asus\.m2\repository\org\seleniumhq\selenium\selenium-api\4.0.0-alpha-7\selenium-api-4.0.0-alpha-7.jar;C:\Users\Asus\.m2\repository\org\seleniumhq\selenium\selenium-chrome-driver\4.0.0-alpha-7\selenium-chrome-driver-4.0.0-alpha-7.jar;C:\Users\Asus\.m2\repository\com\google\auto\service\auto-service-annotations\1.0-rc7\auto-service-annotations-1.0-rc7.jar;C:\Users\Asus\.m2\repository\com\google\auto\service\auto-service\1.0-rc7\auto-service-1.0-rc7.jar;C:\Users\Asus\.m2\repository\com\google\auto\auto-common\0.10\auto-common-0.10.jar;C:\Users\Asus\.m2\repository\com\google\guava\guava\30.0-jre\guava-30.0-jre.jar;C:\Users\Asus\.m2\repository\com\google\guava\failureaccess\1.0.1\failureaccess-1.0.1.jar;C:\Users\Asus\.m2\repository\com\google\guava\listenablefuture\9999.0-empty-to-avoid-conflict-with-guava\listenablefuture-9999.0-empty-to-avoid-conflict-with-guava.jar;C:\Users\Asus\.m2\repository\org\checkerframework\checker-qual\3.5.0\checker-qual-3.5.0.jar;C:\Users\Asus\.m2\repository\com\google\errorprone\error_prone_annotations\2.3.4\error_prone_annotations-2.3.4.jar;C:\Users\Asus\.m2\repository\com\google\j2objc\j2objc-annotations\1.3\j2objc-annotations-1.3.jar;C:\Users\Asus\.m2\repository\org\seleniumhq\selenium\selenium-chromium-driver\4.0.0-alpha-7\selenium-chromium-driver-4.0.0-alpha-7.jar;C:\Users\Asus\.m2\repository\org\seleniumhq\selenium\selenium-devtools\4.0.0-alpha-7\selenium-devtools-4.0.0-alpha-7.jar;C:\Users\Asus\.m2\repository\org\seleniumhq\selenium\selenium-http\4.0.0-alpha-7\selenium-http-4.0.0-alpha-7.jar;C:\Users\Asus\.m2\repository\org\seleniumhq\selenium\selenium-json\4.0.0-alpha-7\selenium-json-4.0.0-alpha-7.jar;C:\Users\Asus\.m2\repository\org\seleniumhq\selenium\selenium-devtools-v84\4.0.0-alpha-7\selenium-devtools-v84-4.0.0-alpha-7.jar;C:\Users\Asus\.m2\repository\org\seleniumhq\selenium\selenium-devtools-v85\4.0.0-alpha-7\selenium-devtools-v85-4.0.0-alpha-7.jar;C:\Users\Asus\.m2\repository\org\seleniumhq\selenium\selenium-devtools-v86\4.0.0-alpha-7\selenium-devtools-v86-4.0.0-alpha-7.jar;C:\Users\Asus\.m2\repository\org\seleniumhq\selenium\selenium-devtools-v87\4.0.0-alpha-7\selenium-devtools-v87-4.0.0-alpha-7.jar;C:\Users\Asus\.m2\repository\org\seleniumhq\selenium\selenium-edge-driver\4.0.0-alpha-7\selenium-edge-driver-4.0.0-alpha-7.jar;C:\Users\Asus\.m2\repository\org\seleniumhq\selenium\selenium-edgehtml-driver\4.0.0-alpha-7\selenium-edgehtml-driver-4.0.0-alpha-7.jar;C:\Users\Asus\.m2\repository\org\seleniumhq\selenium\selenium-firefox-driver\4.0.0-alpha-7\selenium-firefox-driver-4.0.0-alpha-7.jar;C:\Users\Asus\.m2\repository\org\seleniumhq\selenium\selenium-firefox-xpi-driver\4.0.0-alpha-7\selenium-firefox-xpi-driver-4.0.0-alpha-7.jar;C:\Users\Asus\.m2\repository\org\seleniumhq\selenium\selenium-ie-driver\4.0.0-alpha-7\selenium-ie-driver-4.0.0-alpha-7.jar;C:\Users\Asus\.m2\repository\org\seleniumhq\selenium\selenium-opera-driver\4.0.0-alpha-7\selenium-opera-driver-4.0.0-alpha-7.jar;C:\Users\Asus\.m2\repository\org\seleniumhq\selenium\selenium-remote-driver\4.0.0-alpha-7\selenium-remote-driver-4.0.0-alpha-7.jar;C:\Users\Asus\.m2\repository\com\typesafe\netty\netty-reactive-streams\2.0.4\netty-reactive-streams-2.0.4.jar;C:\Users\Asus\.m2\repository\io\netty\netty-handler\4.1.43.Final\netty-handler-4.1.43.Final.jar;C:\Users\Asus\.m2\repository\org\reactivestreams\reactive-streams\1.0.3\reactive-streams-1.0.3.jar;C:\Users\Asus\.m2\repository\io\grpc\grpc-context\1.32.1\grpc-context-1.32.1.jar;C:\Users\Asus\.m2\repository\io\netty\netty-buffer\4.1.53.Final\netty-buffer-4.1.53.Final.jar;C:\Users\Asus\.m2\repository\io\netty\netty-codec-http\4.1.53.Final\netty-codec-http-4.1.53.Final.jar;C:\Users\Asus\.m2\repository\io\netty\netty-codec\4.1.53.Final\netty-codec-4.1.53.Final.jar;C:\Users\Asus\.m2\repository\io\netty\netty-common\4.1.53.Final\netty-common-4.1.53.Final.jar;C:\Users\Asus\.m2\repository\io\netty\netty-transport-native-epoll\4.1.53.Final\netty-transport-native-epoll-4.1.53.Final.jar;C:\Users\Asus\.m2\repository\io\netty\netty-transport-native-epoll\4.1.53.Final\netty-transport-native-epoll-4.1.53.Final-linux-x86_64.jar;C:\Users\Asus\.m2\repository\io\netty\netty-transport-native-kqueue\4.1.53.Final\netty-transport-native-kqueue-4.1.53.Final.jar;C:\Users\Asus\.m2\repository\io\netty\netty-transport-native-kqueue\4.1.53.Final\netty-transport-native-kqueue-4.1.53.Final-osx-x86_64.jar;C:\Users\Asus\.m2\repository\io\netty\netty-transport-native-unix-common\4.1.53.Final\netty-transport-native-unix-common-4.1.53.Final.jar;C:\Users\Asus\.m2\repository\io\netty\netty-transport\4.1.53.Final\netty-transport-4.1.53.Final.jar;C:\Users\Asus\.m2\repository\io\netty\netty-resolver\4.1.53.Final\netty-resolver-4.1.53.Final.jar;C:\Users\Asus\.m2\repository\io\opentelemetry\opentelemetry-api\0.9.1\opentelemetry-api-0.9.1.jar;C:\Users\Asus\.m2\repository\io\opentelemetry\opentelemetry-context-prop\0.9.1\opentelemetry-context-prop-0.9.1.jar;C:\Users\Asus\.m2\repository\io\opentelemetry\opentelemetry-sdk\0.9.1\opentelemetry-sdk-0.9.1.jar;C:\Users\Asus\.m2\repository\io\opentelemetry\opentelemetry-sdk-common\0.9.1\opentelemetry-sdk-common-0.9.1.jar;C:\Users\Asus\.m2\repository\io\opentelemetry\opentelemetry-sdk-baggage\0.9.1\opentelemetry-sdk-baggage-0.9.1.jar;C:\Users\Asus\.m2\repository\io\opentelemetry\opentelemetry-sdk-metrics\0.9.1\opentelemetry-sdk-metrics-0.9.1.jar;C:\Users\Asus\.m2\repository\io\opentelemetry\opentelemetry-sdk-tracing\0.9.1\opentelemetry-sdk-tracing-0.9.1.jar;C:\Users\Asus\.m2\repository\io\projectreactor\netty\reactor-netty-http\1.0.0\reactor-netty-http-1.0.0.jar;C:\Users\Asus\.m2\repository\io\netty\netty-codec-http2\4.1.53.Final\netty-codec-http2-4.1.53.Final.jar;C:\Users\Asus\.m2\repository\io\netty\netty-resolver-dns\4.1.53.Final\netty-resolver-dns-4.1.53.Final.jar;C:\Users\Asus\.m2\repository\io\netty\netty-codec-dns\4.1.53.Final\netty-codec-dns-4.1.53.Final.jar;C:\Users\Asus\.m2\repository\io\projectreactor\netty\reactor-netty-core\1.0.0\reactor-netty-core-1.0.0.jar;C:\Users\Asus\.m2\repository\io\projectreactor\netty\reactor-netty\1.0.0\reactor-netty-1.0.0.jar;C:\Users\Asus\.m2\repository\io\projectreactor\netty\reactor-netty-http-brave\1.0.0\reactor-netty-http-brave-1.0.0.jar;C:\Users\Asus\.m2\repository\io\zipkin\brave\brave-instrumentation-http\5.12.7\brave-instrumentation-http-5.12.7.jar;C:\Users\Asus\.m2\repository\io\zipkin\brave\brave\5.12.7\brave-5.12.7.jar;C:\Users\Asus\.m2\repository\io\zipkin\reporter2\zipkin-reporter-brave\2.15.2\zipkin-reporter-brave-2.15.2.jar;C:\Users\Asus\.m2\repository\io\zipkin\reporter2\zipkin-reporter\2.15.2\zipkin-reporter-2.15.2.jar;C:\Users\Asus\.m2\repository\io\zipkin\zipkin2\zipkin\2.21.7\zipkin-2.21.7.jar;C:\Users\Asus\.m2\repository\io\projectreactor\reactor-core\3.4.0\reactor-core-3.4.0.jar;C:\Users\Asus\.m2\repository\net\bytebuddy\byte-buddy\1.10.18\byte-buddy-1.10.18.jar;C:\Users\Asus\.m2\repository\org\apache\commons\commons-exec\1.3\commons-exec-1.3.jar;C:\Users\Asus\.m2\repository\org\asynchttpclient\async-http-client\2.12.1\async-http-client-2.12.1.jar;C:\Users\Asus\.m2\repository\org\asynchttpclient\async-http-client-netty-utils\2.12.1\async-http-client-netty-utils-2.12.1.jar;C:\Users\Asus\.m2\repository\io\netty\netty-codec-socks\4.1.48.Final\netty-codec-socks-4.1.48.Final.jar;C:\Users\Asus\.m2\repository\io\netty\netty-handler-proxy\4.1.48.Final\netty-handler-proxy-4.1.48.Final.jar;C:\Users\Asus\.m2\repository\com\sun\activation\javax.activation\1.2.0\javax.activation-1.2.0.jar;C:\Users\Asus\.m2\repository\org\seleniumhq\selenium\selenium-safari-driver\4.0.0-alpha-7\selenium-safari-driver-4.0.0-alpha-7.jar;C:\Users\Asus\.m2\repository\org\seleniumhq\selenium\selenium-support\4.0.0-alpha-7\selenium-support-4.0.0-alpha-7.jar;C:\Users\Asus\.m2\repository\org\slf4j\slf4j-jdk14\1.7.25\slf4j-jdk14-1.7.25.jar;C:\Users\Asus\.m2\repository\org\slf4j\slf4j-api\1.7.25\slf4j-api-1.7.25.jar;C:\Users\Asus\.m2\repository\org\apache\maven\plugins\maven-compiler-plugin\3.1\maven-compiler-plugin-3.1.jar;C:\Users\Asus\.m2\repository\org\apache\maven\maven-plugin-api\2.0.9\maven-plugin-api-2.0.9.jar;C:\Users\Asus\.m2\repository\org\apache\maven\maven-artifact\2.0.9\maven-artifact-2.0.9.jar;C:\Users\Asus\.m2\repository\org\codehaus\plexus\plexus-utils\1.5.1\plexus-utils-1.5.1.jar;C:\Users\Asus\.m2\repository\org\apache\maven\maven-core\2.0.9\maven-core-2.0.9.jar;C:\Users\Asus\.m2\repository\org\apache\maven\maven-settings\2.0.9\maven-settings-2.0.9.jar;C:\Users\Asus\.m2\repository\org\apache\maven\maven-plugin-parameter-documenter\2.0.9\maven-plugin-parameter-documenter-2.0.9.jar;C:\Users\Asus\.m2\repository\org\apache\maven\wagon\wagon-webdav\1.0-beta-2\wagon-webdav-1.0-beta-2.jar;C:\Users\Asus\.m2\repository\slide\slide-webdavlib\2.1\slide-webdavlib-2.1.jar;C:\Users\Asus\.m2\repository\commons-httpclient\commons-httpclient\2.0.2\commons-httpclient-2.0.2.jar;C:\Users\Asus\.m2\repository\jdom\jdom\1.0\jdom-1.0.jar;C:\Users\Asus\.m2\repository\de\zeigermann\xml\xml-im-exporter\1.1\xml-im-exporter-1.1.jar;C:\Users\Asus\.m2\repository\commons-logging\commons-logging\1.0.4\commons-logging-1.0.4.jar;C:\Users\Asus\.m2\repository\org\apache\maven\maven-profile\2.0.9\maven-profile-2.0.9.jar;C:\Users\Asus\.m2\repository\org\apache\maven\maven-model\2.0.9\maven-model-2.0.9.jar;C:\Users\Asus\.m2\repository\org\apache\maven\wagon\wagon-provider-api\1.0-beta-2\wagon-provider-api-1.0-beta-2.jar;C:\Users\Asus\.m2\repository\org\apache\maven\maven-repository-metadata\2.0.9\maven-repository-metadata-2.0.9.jar;C:\Users\Asus\.m2\repository\org\apache\maven\maven-error-diagnostics\2.0.9\maven-error-diagnostics-2.0.9.jar;C:\Users\Asus\.m2\repository\org\apache\maven\maven-project\2.0.9\maven-project-2.0.9.jar;C:\Users\Asus\.m2\repository\org\apache\maven\maven-plugin-registry\2.0.9\maven-plugin-registry-2.0.9.jar;C:\Users\Asus\.m2\repository\org\apache\maven\maven-plugin-descriptor\2.0.9\maven-plugin-descriptor-2.0.9.jar;C:\Users\Asus\.m2\repository\org\apache\maven\maven-artifact-manager\2.0.9\maven-artifact-manager-2.0.9.jar;C:\Users\Asus\.m2\repository\org\apache\maven\maven-monitor\2.0.9\maven-monitor-2.0.9.jar;C:\Users\Asus\.m2\repository\org\apache\maven\maven-toolchain\1.0\maven-toolchain-1.0.jar;C:\Users\Asus\.m2\repository\org\apache\maven\shared\maven-shared-utils\0.1\maven-shared-utils-0.1.jar;C:\Users\Asus\.m2\repository\com\google\code\findbugs\jsr305\2.0.1\jsr305-2.0.1.jar;C:\Users\Asus\.m2\repository\org\apache\maven\shared\maven-shared-incremental\1.1\maven-shared-incremental-1.1.jar;C:\Users\Asus\.m2\repository\org\codehaus\plexus\plexus-component-annotations\1.5.5\plexus-component-annotations-1.5.5.jar;C:\Users\Asus\.m2\repository\org\codehaus\plexus\plexus-compiler-api\2.2\plexus-compiler-api-2.2.jar;C:\Users\Asus\.m2\repository\org\codehaus\plexus\plexus-compiler-manager\2.2\plexus-compiler-manager-2.2.jar;C:\Users\Asus\.m2\repository\org\codehaus\plexus\plexus-compiler-javac\2.2\plexus-compiler-javac-2.2.jar;C:\Users\Asus\.m2\repository\org\codehaus\plexus\plexus-container-default\1.5.5\plexus-container-default-1.5.5.jar;C:\Users\Asus\.m2\repository\org\codehaus\plexus\plexus-classworlds\2.2.2\plexus-classworlds-2.2.2.jar;C:\Users\Asus\.m2\repository\org\apache\xbean\xbean-reflect\3.4\xbean-reflect-3.4.jar;C:\Users\Asus\.m2\repository\log4j\log4j\1.2.12\log4j-1.2.12.jar;C:\Users\Asus\.m2\repository\commons-logging\commons-logging-api\1.1\commons-logging-api-1.1.jar;C:\Users\Asus\.m2\repository\com\google\collections\google-collections\1.0\google-collections-1.0.jar;C:\Users\Asus\.m2\repository\io\cucumber\cucumber-java\6.10.0\cucumber-java-6.10.0.jar;C:\Users\Asus\.m2\repository\io\cucumber\cucumber-core\6.10.0\cucumber-core-6.10.0.jar;C:\Users\Asus\.m2\repository\io\cucumber\cucumber-gherkin\6.10.0\cucumber-gherkin-6.10.0.jar;C:\Users\Asus\.m2\repository\io\cucumber\cucumber-gherkin-messages\6.10.0\cucumber-gherkin-messages-6.10.0.jar;C:\Users\Asus\.m2\repository\io\cucumber\messages\14.0.1\messages-14.0.1.jar;C:\Users\Asus\.m2\repository\io\cucumber\tag-expressions\3.0.0\tag-expressions-3.0.0.jar;C:\Users\Asus\.m2\repository\io\cucumber\cucumber-expressions\10.3.0\cucumber-expressions-10.3.0.jar;C:\Users\Asus\.m2\repository\io\cucumber\datatable\3.5.0\datatable-3.5.0.jar;C:\Users\Asus\.m2\repository\io\cucumber\cucumber-plugin\6.10.0\cucumber-plugin-6.10.0.jar;C:\Users\Asus\.m2\repository\io\cucumber\docstring\6.10.0\docstring-6.10.0.jar;C:\Users\Asus\.m2\repository\io\cucumber\html-formatter\12.0.0\html-formatter-12.0.0.jar;C:\Users\Asus\.m2\repository\io\cucumber\create-meta\3.0.0\create-meta-3.0.0.jar;C:\Users\Asus\.m2\repository\io\cucumber\cucumber-junit\6.10.0\cucumber-junit-6.10.0.jar;C:\Users\Asus\.m2\repository\junit\junit\4.13.2\junit-4.13.2.jar;C:\Users\Asus\.m2\repository\org\hamcrest\hamcrest-core\1.3\hamcrest-core-1.3.jar;"/>
    <property name="sun.cpu.endian" value="little"/>
    <property name="user.home" value="C:\Users\Asus"/>
    <property name="user.language" value="en"/>
    <property name="java.specification.vendor" value="Oracle Corporation"/>
    <property name="java.version.date" value="2021-01-19"/>
    <property name="java.home" value="C:\Tools\Java\jdk-15.0.2"/>
    <property name="file.separator" value="\"/>
    <property name="basedir" value="C:\Group2"/>
    <property name="java.vm.compressedOopsMode" value="32-bit"/>
    <property name="line.separator" value="&#10;"/>
    <property name="java.vm.specification.vendor" value="Oracle Corporation"/>
    <property name="java.specification.name" value="Java Platform API Specification"/>
    <property name="surefire.real.class.path" value="C:\Users\Asus\AppData\Local\Temp\surefire11565034905547274271\surefirebooter4333799056980253846.jar"/>
    <property name="user.script" value=""/>
    <property name="sun.management.compiler" value="HotSpot 64-Bit Tiered Compilers"/>
    <property name="java.runtime.version" value="15.0.2+7-27"/>
    <property name="user.name" value="Asus"/>
    <property name="path.separator" value=";"/>
    <property name="os.version" value="10.0"/>
    <property name="java.runtime.name" value="Java(TM) SE Runtime Environment"/>
    <property name="file.encoding" value="Cp1252"/>
    <property name="sun.nio.ch.bugLevel" value=""/>
    <property name="java.vm.name" value="Java HotSpot(TM) 64-Bit Server VM"/>
    <property name="localRepository" value="C:\Users\Asus\.m2\repository"/>
    <property name="java.vendor.url.bug" value="https://bugreport.java.com/bugreport/"/>
    <property name="java.io.tmpdir" value="C:\Users\Asus\AppData\Local\Temp\"/>
    <property name="java.version" value="15.0.2"/>
    <property name="user.dir" value="C:\Group2"/>
    <property name="os.arch" value="amd64"/>
    <property name="java.vm.specification.name" value="Java Virtual Machine Specification"/>
    <property name="sun.os.patch.level" value=""/>
    <property name="java.library.path" value="C:\Tools\Java\jdk-15.0.2\bin;C:\WINDOWS\Sun\Java\bin;C:\WINDOWS\system32;C:\WINDOWS;C:\Program Files\Common Files\Oracle\Java\javapath;C:\Program Files (x86)\Intel\Intel(R) Management Engine Components\iCLS\;C:\Program Files\Intel\Intel(R) Management Engine Components\iCLS\;C:\Windows\system32;C:\Windows;C:\Windows\System32\Wbem;C:\Windows\System32\WindowsPowerShell\v1.0\;C:\Windows\System32\OpenSSH\;C:\Program Files (x86)\Intel\Intel(R) Management Engine Components\DAL;C:\Program Files\Intel\Intel(R) Management Engine Components\DAL;C:\Program Files (x86)\Intel\Intel(R) Management Engine Components\IPT;C:\Program Files\Intel\Intel(R) Management Engine Components\IPT;C:\Program Files (x86)\NVIDIA Corporation\PhysX\Common;C:\Program Files\Intel\WiFi\bin\;C:\Program Files\Common Files\Intel\WirelessCommon\;C:\WINDOWS\system32;C:\WINDOWS;C:\WINDOWS\System32\Wbem;C:\WINDOWS\System32\WindowsPowerShell\v1.0\;C:\WINDOWS\System32\OpenSSH\;C:\Tools\Java\jdk-15.0.2\bin;C:\Program Files\apache-maven-3.6.3\bin;C:\WebDriver\bin;C:\WebDriver\Git\cmd;C:\WebDriver\bin\Git\cmd;C:\Users\Asus\AppData\Local\Microsoft\WindowsApps;;."/>
    <property name="java.vm.info" value="mixed mode, sharing"/>
    <property name="java.vendor" value="Oracle Corporation"/>
    <property name="java.vm.version" value="15.0.2+7-27"/>
    <property name="sun.io.unicode.encoding" value="UnicodeLittle"/>
    <property name="java.class.version" value="59.0"/>
  </properties>
  <testcase name="loginErrorMessage" classname="com.it.TestLogin" time="2.29">
    <system-err><![CDATA[Starting ChromeDriver 90.0.4430.24 (4c6d850f087da467d926e8eddb76550aed655991-refs/branch-heads/4430@{#429}) on port 41892
Only local connections are allowed.
Please see https://chromedriver.chromium.org/security-considerations for suggestions on keeping ChromeDriver safe.
ChromeDriver was started successfully.
May 07, 2021 11:33:47 AM org.openqa.selenium.remote.ProtocolHandshake createSession
INFO: Detected dialect: W3C
May 07, 2021 11:33:47 AM org.openqa.selenium.devtools.CdpVersionFinder findNearestMatch
WARNING: Unable to find an exact match for CDP version 90, so returning the closest version found: 86
May 07, 2021 11:33:47 AM org.openqa.selenium.devtools.CdpVersionFinder findNearestMatch
INFO: Found CDP implementation for version 90 of 86
]]></system-err>
  </testcase>
</testsuite>